# JRE version: OpenJDK Runtime Environment Temurin-17.0.4+8 (17.0.4+8) (build 17.0.4+8)
# Java VM: OpenJDK 64-Bit Server VM Temurin-17.0.4+8 (17.0.4+8, mixed mode, emulated-client, tiered, compressed oops, compressed class ptrs, g1 gc, windows-amd64)
GC Precious Log:
 CPUs: 8 total, 8 available
 Memory: 6005M
 Large Page Support: Disabled
 NUMA Support: Disabled
 Compressed Oops: Enabled (32-bit)
 Heap Region Size: 1M
 Heap Min Capacity: 8M
 Heap Initial Capacity: 94M
 Heap Max Capacity: 1502M
 Pre-touch: Disabled
 Parallel Workers: 8
 Concurrent Workers: 2
 Concurrent Refinement Workers: 8
 Periodic GC: Disabled
Heap:
 garbage-first heap   total 119808K, used 36411K [0x00000000a2200000, 0x0000000100000000)
  region size 1024K, 1 young (1024K), 0 survivors (0K)
 Metaspace       used 54028K, committed 54464K, reserved 1097728K
  class space    used 7152K, committed 7360K, reserved 1048576K
GC Heap History (20 events):
Event: 23307.439 GC heap before
{Heap before GC invocations=2093 (full 2059):
 garbage-first heap   total 119808K, used 36411K [0x00000000a2200000, 0x0000000100000000)
  region size 1024K, 1 young (1024K), 0 survivors (0K)
 Metaspace       used 54005K, committed 54464K, reserved 1097728K
  class space    used 7149K, committed 7360K, reserved 1048576K
}
Event: 23307.473 GC heap after
{Heap after GC invocations=2094 (full 2060):
 garbage-first heap   total 119808K, used 36411K [0x00000000a2200000, 0x0000000100000000)
  region size 1024K, 0 young (0K), 0 survivors (0K)
 Metaspace       used 54005K, committed 54464K, reserved 1097728K
  class space    used 7149K, committed 7360K, reserved 1048576K
}
Event: 23317.644 GC heap before
{Heap before GC invocations=2094 (full 2060):
 garbage-first heap   total 119808K, used 36411K [0x00000000a2200000, 0x0000000100000000)
  region size 1024K, 1 young (1024K), 0 survivors (0K)
 Metaspace       used 54005K, committed 54464K, reserved 1097728K
  class space    used 7149K, committed 7360K, reserved 1048576K
}
Event: 23317.680 GC heap after
{Heap after GC invocations=2095 (full 2061):
 garbage-first heap   total 119808K, used 36411K [0x00000000a2200000, 0x0000000100000000)
  region size 1024K, 0 young (0K), 0 survivors (0K)
 Metaspace       used 54005K, committed 54464K, reserved 1097728K
  class space    used 7149K, committed 7360K, reserved 1048576K
}
Event: 23327.823 GC heap before
{Heap before GC invocations=2095 (full 2061):
 garbage-first heap   total 119808K, used 36411K [0x00000000a2200000, 0x0000000100000000)
  region size 1024K, 1 young (1024K), 0 survivors (0K)
 Metaspace       used 54005K, committed 54464K, reserved 1097728K
  class space    used 7149K, committed 7360K, reserved 1048576K
}
Event: 23327.857 GC heap after
{Heap after GC invocations=2096 (full 2062):
 garbage-first heap   total 119808K, used 36411K [0x00000000a2200000, 0x0000000100000000)
  region size 1024K, 0 young (0K), 0 survivors (0K)
 Metaspace       used 54005K, committed 54464K, reserved 1097728K
  class space    used 7149K, committed 7360K, reserved 1048576K
}
Event: 23337.998 GC heap before
{Heap before GC invocations=2096 (full 2062):
 garbage-first heap   total 119808K, used 36411K [0x00000000a2200000, 0x0000000100000000)
  region size 1024K, 1 young (1024K), 0 survivors (0K)
 Metaspace       used 54005K, committed 54464K, reserved 1097728K
  class space    used 7149K, committed 7360K, reserved 1048576K
}
Event: 23338.032 GC heap after
{Heap after GC invocations=2097 (full 2063):
 garbage-first heap   total 119808K, used 36411K [0x00000000a2200000, 0x0000000100000000)
  region size 1024K, 0 young (0K), 0 survivors (0K)
 Metaspace       used 54005K, committed 54464K, reserved 1097728K
  class space    used 7149K, committed 7360K, reserved 1048576K
}
Event: 23348.211 GC heap before
{Heap before GC invocations=2097 (full 2063):
 garbage-first heap   total 119808K, used 36411K [0x00000000a2200000, 0x0000000100000000)
  region size 1024K, 1 young (1024K), 0 survivors (0K)
 Metaspace       used 54005K, committed 54464K, reserved 1097728K
  class space    used 7149K, committed 7360K, reserved 1048576K
}
Event: 23348.244 GC heap after
{Heap after GC invocations=2098 (full 2064):
 garbage-first heap   total 119808K, used 36411K [0x00000000a2200000, 0x0000000100000000)
  region size 1024K, 0 young (0K), 0 survivors (0K)
 Metaspace       used 54005K, committed 54464K, reserved 1097728K
  class space    used 7149K, committed 7360K, reserved 1048576K
}
Event: 23358.376 GC heap before
{Heap before GC invocations=2098 (full 2064):
 garbage-first heap   total 119808K, used 36411K [0x00000000a2200000, 0x0000000100000000)
  region size 1024K, 1 young (1024K), 0 survivors (0K)
 Metaspace       used 54005K, committed 54464K, reserved 1097728K
  class space    used 7149K, committed 7360K, reserved 1048576K
}
Event: 23358.413 GC heap after
{Heap after GC invocations=2099 (full 2065):
 garbage-first heap   total 119808K, used 36411K [0x00000000a2200000, 0x0000000100000000)
  region size 1024K, 0 young (0K), 0 survivors (0K)
 Metaspace       used 54005K, committed 54464K, reserved 1097728K
  class space    used 7149K, committed 7360K, reserved 1048576K
}
Event: 23368.547 GC heap before
{Heap before GC invocations=2099 (full 2065):
 garbage-first heap   total 119808K, used 36411K [0x00000000a2200000, 0x0000000100000000)
  region size 1024K, 1 young (1024K), 0 survivors (0K)
 Metaspace       used 54005K, committed 54464K, reserved 1097728K
  class space    used 7149K, committed 7360K, reserved 1048576K
}
Event: 23368.584 GC heap after
{Heap after GC invocations=2100 (full 2066):
 garbage-first heap   total 119808K, used 36411K [0x00000000a2200000, 0x0000000100000000)
  region size 1024K, 0 young (0K), 0 survivors (0K)
 Metaspace       used 54005K, committed 54464K, reserved 1097728K
  class space    used 7149K, committed 7360K, reserved 1048576K
}
Event: 23378.715 GC heap before
{Heap before GC invocations=2100 (full 2066):
 garbage-first heap   total 119808K, used 36411K [0x00000000a2200000, 0x0000000100000000)
  region size 1024K, 1 young (1024K), 0 survivors (0K)
 Metaspace       used 54005K, committed 54464K, reserved 1097728K
  class space    used 7149K, committed 7360K, reserved 1048576K
}
Event: 23378.751 GC heap after
{Heap after GC invocations=2101 (full 2067):
 garbage-first heap   total 119808K, used 36411K [0x00000000a2200000, 0x0000000100000000)
  region size 1024K, 0 young (0K), 0 survivors (0K)
 Metaspace       used 54005K, committed 54464K, reserved 1097728K
  class space    used 7149K, committed 7360K, reserved 1048576K
}
Event: 23388.883 GC heap before
{Heap before GC invocations=2101 (full 2067):
 garbage-first heap   total 119808K, used 36411K [0x00000000a2200000, 0x0000000100000000)
  region size 1024K, 1 young (1024K), 0 survivors (0K)
 Metaspace       used 54005K, committed 54464K, reserved 1097728K
  class space    used 7149K, committed 7360K, reserved 1048576K
}
Event: 23388.917 GC heap after
{Heap after GC invocations=2102 (full 2068):
 garbage-first heap   total 119808K, used 36411K [0x00000000a2200000, 0x0000000100000000)
  region size 1024K, 0 young (0K), 0 survivors (0K)
 Metaspace       used 54005K, committed 54464K, reserved 1097728K
  class space    used 7149K, committed 7360K, reserved 1048576K
}
Event: 23399.046 GC heap before
{Heap before GC invocations=2102 (full 2068):
 garbage-first heap   total 119808K, used 36411K [0x00000000a2200000, 0x0000000100000000)
  region size 1024K, 1 young (1024K), 0 survivors (0K)
 Metaspace       used 54005K, committed 54464K, reserved 1097728K
  class space    used 7149K, committed 7360K, reserved 1048576K
}
Event: 23399.081 GC heap after
{Heap after GC invocations=2103 (full 2069):
 garbage-first heap   total 119808K, used 36411K [0x00000000a2200000, 0x0000000100000000)
  region size 1024K, 0 young (0K), 0 survivors (0K)
 Metaspace       used 54005K, committed 54464K, reserved 1097728K
  class space    used 7149K, committed 7360K, reserved 1048576K
}

