# JRE version: OpenJDK Runtime Environment Temurin-17.0.4+8 (17.0.4+8) (build 17.0.4+8)
# Java VM: OpenJDK 64-Bit Server VM Temurin-17.0.4+8 (17.0.4+8, mixed mode, emulated-client, tiered, compressed oops, compressed class ptrs, g1 gc, windows-amd64)
GC Precious Log:
 CPUs: 8 total, 8 available
 Memory: 6005M
 Large Page Support: Disabled
 NUMA Support: Disabled
 Compressed Oops: Enabled (32-bit)
 Heap Region Size: 1M
 Heap Min Capacity: 8M
 Heap Initial Capacity: 94M
 Heap Max Capacity: 1502M
 Pre-touch: Disabled
 Parallel Workers: 8
 Concurrent Workers: 2
 Concurrent Refinement Workers: 8
 Periodic GC: Disabled
Heap:
 garbage-first heap   total 119808K, used 63216K [0x00000000a2200000, 0x0000000100000000)
  region size 1024K, 3 young (3072K), 3 survivors (3072K)
 Metaspace       used 35861K, committed 36160K, reserved 1081344K
  class space    used 4656K, committed 4800K, reserved 1048576K
GC Heap History (20 events):
Event: 1.412 GC heap after
{Heap after GC invocations=5 (full 0):
 garbage-first heap   total 51200K, used 13186K [0x00000000a2200000, 0x0000000100000000)
  region size 1024K, 3 young (3072K), 3 survivors (3072K)
 Metaspace       used 25284K, committed 25536K, reserved 1073152K
  class space    used 3121K, committed 3264K, reserved 1048576K
}
Event: 1.699 GC heap before
{Heap before GC invocations=5 (full 0):
 garbage-first heap   total 51200K, used 31618K [0x00000000a2200000, 0x0000000100000000)
  region size 1024K, 22 young (22528K), 3 survivors (3072K)
 Metaspace       used 28422K, committed 28736K, reserved 1081344K
  class space    used 3574K, committed 3712K, reserved 1048576K
}
Event: 1.704 GC heap after
{Heap after GC invocations=6 (full 0):
 garbage-first heap   total 51200K, used 15043K [0x00000000a2200000, 0x0000000100000000)
  region size 1024K, 3 young (3072K), 3 survivors (3072K)
 Metaspace       used 28422K, committed 28736K, reserved 1081344K
  class space    used 3574K, committed 3712K, reserved 1048576K
}
Event: 2.011 GC heap before
{Heap before GC invocations=6 (full 0):
 garbage-first heap   total 51200K, used 33475K [0x00000000a2200000, 0x0000000100000000)
  region size 1024K, 22 young (22528K), 3 survivors (3072K)
 Metaspace       used 32561K, committed 32768K, reserved 1081344K
  class space    used 4130K, committed 4224K, reserved 1048576K
}
Event: 2.017 GC heap after
{Heap after GC invocations=7 (full 0):
 garbage-first heap   total 61440K, used 17012K [0x00000000a2200000, 0x0000000100000000)
  region size 1024K, 2 young (2048K), 2 survivors (2048K)
 Metaspace       used 32561K, committed 32768K, reserved 1081344K
  class space    used 4130K, committed 4224K, reserved 1048576K
}
Event: 2.108 GC heap before
{Heap before GC invocations=7 (full 0):
 garbage-first heap   total 61440K, used 41588K [0x00000000a2200000, 0x0000000100000000)
  region size 1024K, 27 young (27648K), 2 survivors (2048K)
 Metaspace       used 33214K, committed 33536K, reserved 1081344K
  class space    used 4216K, committed 4352K, reserved 1048576K
}
Event: 2.113 GC heap after
{Heap after GC invocations=8 (full 0):
 garbage-first heap   total 61440K, used 22300K [0x00000000a2200000, 0x0000000100000000)
  region size 1024K, 4 young (4096K), 4 survivors (4096K)
 Metaspace       used 33214K, committed 33536K, reserved 1081344K
  class space    used 4216K, committed 4352K, reserved 1048576K
}
Event: 2.168 GC heap before
{Heap before GC invocations=8 (full 0):
 garbage-first heap   total 61440K, used 41756K [0x00000000a2200000, 0x0000000100000000)
  region size 1024K, 24 young (24576K), 4 survivors (4096K)
 Metaspace       used 33493K, committed 33792K, reserved 1081344K
  class space    used 4261K, committed 4416K, reserved 1048576K
}
Event: 2.173 GC heap after
{Heap after GC invocations=9 (full 0):
 garbage-first heap   total 61440K, used 25938K [0x00000000a2200000, 0x0000000100000000)
  region size 1024K, 3 young (3072K), 3 survivors (3072K)
 Metaspace       used 33493K, committed 33792K, reserved 1081344K
  class space    used 4261K, committed 4416K, reserved 1048576K
}
Event: 2.214 GC heap before
{Heap before GC invocations=9 (full 0):
 garbage-first heap   total 61440K, used 43346K [0x00000000a2200000, 0x0000000100000000)
  region size 1024K, 20 young (20480K), 3 survivors (3072K)
 Metaspace       used 33782K, committed 34112K, reserved 1081344K
  class space    used 4306K, committed 4480K, reserved 1048576K
}
Event: 2.217 GC heap after
{Heap after GC invocations=10 (full 0):
 garbage-first heap   total 61440K, used 29486K [0x00000000a2200000, 0x0000000100000000)
  region size 1024K, 3 young (3072K), 3 survivors (3072K)
 Metaspace       used 33782K, committed 34112K, reserved 1081344K
  class space    used 4306K, committed 4480K, reserved 1048576K
}
Event: 2.248 GC heap before
{Heap before GC invocations=10 (full 0):
 garbage-first heap   total 61440K, used 45870K [0x00000000a2200000, 0x0000000100000000)
  region size 1024K, 19 young (19456K), 3 survivors (3072K)
 Metaspace       used 33959K, committed 34240K, reserved 1081344K
  class space    used 4333K, committed 4480K, reserved 1048576K
}
Event: 2.252 GC heap after
{Heap after GC invocations=11 (full 0):
 garbage-first heap   total 100352K, used 32656K [0x00000000a2200000, 0x0000000100000000)
  region size 1024K, 3 young (3072K), 3 survivors (3072K)
 Metaspace       used 33959K, committed 34240K, reserved 1081344K
  class space    used 4333K, committed 4480K, reserved 1048576K
}
Event: 2.322 GC heap before
{Heap before GC invocations=11 (full 0):
 garbage-first heap   total 100352K, used 72592K [0x00000000a2200000, 0x0000000100000000)
  region size 1024K, 42 young (43008K), 3 survivors (3072K)
 Metaspace       used 34346K, committed 34624K, reserved 1081344K
  class space    used 4387K, committed 4544K, reserved 1048576K
}
Event: 2.329 GC heap after
{Heap after GC invocations=12 (full 0):
 garbage-first heap   total 100352K, used 42138K [0x00000000a2200000, 0x0000000100000000)
  region size 1024K, 6 young (6144K), 6 survivors (6144K)
 Metaspace       used 34346K, committed 34624K, reserved 1081344K
  class space    used 4387K, committed 4544K, reserved 1048576K
}
Event: 2.451 GC heap before
{Heap before GC invocations=12 (full 0):
 garbage-first heap   total 100352K, used 70810K [0x00000000a2200000, 0x0000000100000000)
  region size 1024K, 34 young (34816K), 6 survivors (6144K)
 Metaspace       used 35316K, committed 35648K, reserved 1081344K
  class space    used 4535K, committed 4672K, reserved 1048576K
}
Event: 2.458 GC heap after
{Heap after GC invocations=13 (full 0):
 garbage-first heap   total 100352K, used 49758K [0x00000000a2200000, 0x0000000100000000)
  region size 1024K, 5 young (5120K), 5 survivors (5120K)
 Metaspace       used 35316K, committed 35648K, reserved 1081344K
  class space    used 4535K, committed 4672K, reserved 1048576K
}
Event: 2.505 GC heap before
{Heap before GC invocations=13 (full 0):
 garbage-first heap   total 100352K, used 66142K [0x00000000a2200000, 0x0000000100000000)
  region size 1024K, 23 young (23552K), 5 survivors (5120K)
 Metaspace       used 35628K, committed 35904K, reserved 1081344K
  class space    used 4607K, committed 4736K, reserved 1048576K
}
Event: 2.512 GC heap after
{Heap after GC invocations=14 (full 0):
 garbage-first heap   total 100352K, used 58156K [0x00000000a2200000, 0x0000000100000000)
  region size 1024K, 4 young (4096K), 4 survivors (4096K)
 Metaspace       used 35628K, committed 35904K, reserved 1081344K
  class space    used 4607K, committed 4736K, reserved 1048576K
}
Event: 2.558 GC heap before
{Heap before GC invocations=14 (full 0):
 garbage-first heap   total 119808K, used 73516K [0x00000000a2200000, 0x0000000100000000)
  region size 1024K, 20 young (20480K), 4 survivors (4096K)
 Metaspace       used 35861K, committed 36160K, reserved 1081344K
  class space    used 4656K, committed 4800K, reserved 1048576K
}

