# JRE version: OpenJDK Runtime Environment Temurin-17.0.4+8 (17.0.4+8) (build 17.0.4+8)
# Java VM: OpenJDK 64-Bit Server VM Temurin-17.0.4+8 (17.0.4+8, mixed mode, emulated-client, tiered, compressed oops, compressed class ptrs, g1 gc, windows-amd64)
GC Precious Log:
 CPUs: 8 total, 8 available
 Memory: 6005M
 Large Page Support: Disabled
 NUMA Support: Disabled
 Compressed Oops: Enabled (32-bit)
 Heap Region Size: 1M
 Heap Min Capacity: 8M
 Heap Initial Capacity: 94M
 Heap Max Capacity: 1502M
 Pre-touch: Disabled
 Parallel Workers: 8
 Concurrent Workers: 2
 Concurrent Refinement Workers: 8
 Periodic GC: Disabled
Heap:
 garbage-first heap   total 96256K, used 50860K [0x00000000a2200000, 0x0000000100000000)
  region size 1024K, 3 young (3072K), 3 survivors (3072K)
 Metaspace       used 35382K, committed 35712K, reserved 1081344K
  class space    used 4550K, committed 4736K, reserved 1048576K
GC Heap History (20 events):
Event: 1.047 GC heap after
{Heap after GC invocations=3 (full 0):
 garbage-first heap   total 96256K, used 11763K [0x00000000a2200000, 0x0000000100000000)
  region size 1024K, 4 young (4096K), 4 survivors (4096K)
 Metaspace       used 21269K, committed 21504K, reserved 1073152K
  class space    used 2606K, committed 2752K, reserved 1048576K
}
Event: 1.324 GC heap before
{Heap before GC invocations=4 (full 0):
 garbage-first heap   total 48128K, used 33267K [0x00000000a2200000, 0x0000000100000000)
  region size 1024K, 27 young (27648K), 4 survivors (4096K)
 Metaspace       used 24835K, committed 25024K, reserved 1073152K
  class space    used 3065K, committed 3136K, reserved 1048576K
}
Event: 1.329 GC heap after
{Heap after GC invocations=5 (full 0):
 garbage-first heap   total 48128K, used 13057K [0x00000000a2200000, 0x0000000100000000)
  region size 1024K, 3 young (3072K), 3 survivors (3072K)
 Metaspace       used 24835K, committed 25024K, reserved 1073152K
  class space    used 3065K, committed 3136K, reserved 1048576K
}
Event: 1.603 GC heap before
{Heap before GC invocations=5 (full 0):
 garbage-first heap   total 48128K, used 29441K [0x00000000a2200000, 0x0000000100000000)
  region size 1024K, 20 young (20480K), 3 survivors (3072K)
 Metaspace       used 27916K, committed 28160K, reserved 1081344K
  class space    used 3510K, committed 3648K, reserved 1048576K
}
Event: 1.609 GC heap after
{Heap after GC invocations=6 (full 0):
 garbage-first heap   total 58368K, used 16009K [0x00000000a2200000, 0x0000000100000000)
  region size 1024K, 3 young (3072K), 3 survivors (3072K)
 Metaspace       used 27916K, committed 28160K, reserved 1081344K
  class space    used 3510K, committed 3648K, reserved 1048576K
}
Event: 1.963 GC heap before
{Heap before GC invocations=6 (full 0):
 garbage-first heap   total 58368K, used 38537K [0x00000000a2200000, 0x0000000100000000)
  region size 1024K, 25 young (25600K), 3 survivors (3072K)
 Metaspace       used 32444K, committed 32704K, reserved 1081344K
  class space    used 4116K, committed 4224K, reserved 1048576K
}
Event: 1.969 GC heap after
{Heap after GC invocations=7 (full 0):
 garbage-first heap   total 58368K, used 18329K [0x00000000a2200000, 0x0000000100000000)
  region size 1024K, 4 young (4096K), 4 survivors (4096K)
 Metaspace       used 32444K, committed 32704K, reserved 1081344K
  class space    used 4116K, committed 4224K, reserved 1048576K
}
Event: 2.059 GC heap before
{Heap before GC invocations=7 (full 0):
 garbage-first heap   total 58368K, used 38809K [0x00000000a2200000, 0x0000000100000000)
  region size 1024K, 25 young (25600K), 4 survivors (4096K)
 Metaspace       used 33264K, committed 33536K, reserved 1081344K
  class space    used 4226K, committed 4352K, reserved 1048576K
}
Event: 2.065 GC heap after
{Heap after GC invocations=8 (full 0):
 garbage-first heap   total 58368K, used 22346K [0x00000000a2200000, 0x0000000100000000)
  region size 1024K, 4 young (4096K), 4 survivors (4096K)
 Metaspace       used 33264K, committed 33536K, reserved 1081344K
  class space    used 4226K, committed 4352K, reserved 1048576K
}
Event: 2.092 GC heap before
{Heap before GC invocations=8 (full 0):
 garbage-first heap   total 58368K, used 39754K [0x00000000a2200000, 0x0000000100000000)
  region size 1024K, 22 young (22528K), 4 survivors (4096K)
 Metaspace       used 33336K, committed 33600K, reserved 1081344K
  class space    used 4238K, committed 4352K, reserved 1048576K
}
Event: 2.096 GC heap after
{Heap after GC invocations=9 (full 0):
 garbage-first heap   total 58368K, used 25891K [0x00000000a2200000, 0x0000000100000000)
  region size 1024K, 3 young (3072K), 3 survivors (3072K)
 Metaspace       used 33336K, committed 33600K, reserved 1081344K
  class space    used 4238K, committed 4352K, reserved 1048576K
}
Event: 2.139 GC heap before
{Heap before GC invocations=9 (full 0):
 garbage-first heap   total 58368K, used 41251K [0x00000000a2200000, 0x0000000100000000)
  region size 1024K, 18 young (18432K), 3 survivors (3072K)
 Metaspace       used 33714K, committed 34048K, reserved 1081344K
  class space    used 4296K, committed 4480K, reserved 1048576K
}
Event: 2.143 GC heap after
{Heap after GC invocations=10 (full 0):
 garbage-first heap   total 91136K, used 29129K [0x00000000a2200000, 0x0000000100000000)
  region size 1024K, 3 young (3072K), 3 survivors (3072K)
 Metaspace       used 33714K, committed 34048K, reserved 1081344K
  class space    used 4296K, committed 4480K, reserved 1048576K
}
Event: 2.210 GC heap before
{Heap before GC invocations=10 (full 0):
 garbage-first heap   total 91136K, used 63945K [0x00000000a2200000, 0x0000000100000000)
  region size 1024K, 37 young (37888K), 3 survivors (3072K)
 Metaspace       used 34188K, committed 34496K, reserved 1081344K
  class space    used 4362K, committed 4544K, reserved 1048576K
}
Event: 2.214 GC heap after
{Heap after GC invocations=11 (full 0):
 garbage-first heap   total 91136K, used 34936K [0x00000000a2200000, 0x0000000100000000)
  region size 1024K, 5 young (5120K), 5 survivors (5120K)
 Metaspace       used 34188K, committed 34496K, reserved 1081344K
  class space    used 4362K, committed 4544K, reserved 1048576K
}
Event: 2.252 GC heap before
{Heap before GC invocations=11 (full 0):
 garbage-first heap   total 91136K, used 64632K [0x00000000a2200000, 0x0000000100000000)
  region size 1024K, 34 young (34816K), 5 survivors (5120K)
 Metaspace       used 34366K, committed 34688K, reserved 1081344K
  class space    used 4389K, committed 4544K, reserved 1048576K
}
Event: 2.259 GC heap after
{Heap after GC invocations=12 (full 0):
 garbage-first heap   total 91136K, used 43161K [0x00000000a2200000, 0x0000000100000000)
  region size 1024K, 5 young (5120K), 5 survivors (5120K)
 Metaspace       used 34366K, committed 34688K, reserved 1081344K
  class space    used 4389K, committed 4544K, reserved 1048576K
}
Event: 2.348 GC heap before
{Heap before GC invocations=12 (full 0):
 garbage-first heap   total 91136K, used 65689K [0x00000000a2200000, 0x0000000100000000)
  region size 1024K, 28 young (28672K), 5 survivors (5120K)
 Metaspace       used 35015K, committed 35392K, reserved 1081344K
  class space    used 4485K, committed 4672K, reserved 1048576K
}
Event: 2.353 GC heap after
{Heap after GC invocations=13 (full 0):
 garbage-first heap   total 91136K, used 48293K [0x00000000a2200000, 0x0000000100000000)
  region size 1024K, 4 young (4096K), 4 survivors (4096K)
 Metaspace       used 35015K, committed 35392K, reserved 1081344K
  class space    used 4485K, committed 4672K, reserved 1048576K
}
Event: 2.378 GC heap before
{Heap before GC invocations=13 (full 0):
 garbage-first heap   total 91136K, used 53413K [0x00000000a2200000, 0x0000000100000000)
  region size 1024K, 10 young (10240K), 4 survivors (4096K)
 Metaspace       used 35382K, committed 35712K, reserved 1081344K
  class space    used 4550K, committed 4736K, reserved 1048576K
}

