# JRE version: OpenJDK Runtime Environment Temurin-17.0.4+8 (17.0.4+8) (build 17.0.4+8)
# Java VM: OpenJDK 64-Bit Server VM Temurin-17.0.4+8 (17.0.4+8, mixed mode, emulated-client, tiered, compressed oops, compressed class ptrs, g1 gc, windows-amd64)
GC Precious Log:
 CPUs: 8 total, 8 available
 Memory: 6005M
 Large Page Support: Disabled
 NUMA Support: Disabled
 Compressed Oops: Enabled (32-bit)
 Heap Region Size: 1M
 Heap Min Capacity: 8M
 Heap Initial Capacity: 94M
 Heap Max Capacity: 1502M
 Pre-touch: Disabled
 Parallel Workers: 8
 Concurrent Workers: 2
 Concurrent Refinement Workers: 8
 Periodic GC: Disabled
Heap:
 garbage-first heap   total 132096K, used 64793K [0x00000000a2200000, 0x0000000100000000)
  region size 1024K, 2 young (2048K), 2 survivors (2048K)
 Metaspace       used 36055K, committed 36416K, reserved 1081344K
  class space    used 4686K, committed 4864K, reserved 1048576K
GC Heap History (20 events):
Event: 1.427 GC heap after
{Heap after GC invocations=6 (full 0):
 garbage-first heap   total 48128K, used 12933K [0x00000000a2200000, 0x0000000100000000)
  region size 1024K, 1 young (1024K), 1 survivors (1024K)
 Metaspace       used 25268K, committed 25536K, reserved 1073152K
  class space    used 3118K, committed 3264K, reserved 1048576K
}
Event: 1.681 GC heap before
{Heap before GC invocations=6 (full 0):
 garbage-first heap   total 48128K, used 30341K [0x00000000a2200000, 0x0000000100000000)
  region size 1024K, 19 young (19456K), 1 survivors (1024K)
 Metaspace       used 28120K, committed 28416K, reserved 1081344K
  class space    used 3538K, committed 3648K, reserved 1048576K
}
Event: 1.685 GC heap after
{Heap after GC invocations=7 (full 0):
 garbage-first heap   total 48128K, used 14460K [0x00000000a2200000, 0x0000000100000000)
  region size 1024K, 2 young (2048K), 2 survivors (2048K)
 Metaspace       used 28120K, committed 28416K, reserved 1081344K
  class space    used 3538K, committed 3648K, reserved 1048576K
}
Event: 1.967 GC heap before
{Heap before GC invocations=7 (full 0):
 garbage-first heap   total 48128K, used 31868K [0x00000000a2200000, 0x0000000100000000)
  region size 1024K, 20 young (20480K), 2 survivors (2048K)
 Metaspace       used 32198K, committed 32512K, reserved 1081344K
  class space    used 4079K, committed 4224K, reserved 1048576K
}
Event: 1.972 GC heap after
{Heap after GC invocations=8 (full 0):
 garbage-first heap   total 70656K, used 15989K [0x00000000a2200000, 0x0000000100000000)
  region size 1024K, 2 young (2048K), 2 survivors (2048K)
 Metaspace       used 32198K, committed 32512K, reserved 1081344K
  class space    used 4079K, committed 4224K, reserved 1048576K
}
Event: 2.103 GC heap before
{Heap before GC invocations=8 (full 0):
 garbage-first heap   total 70656K, used 48757K [0x00000000a2200000, 0x0000000100000000)
  region size 1024K, 35 young (35840K), 2 survivors (2048K)
 Metaspace       used 33230K, committed 33536K, reserved 1081344K
  class space    used 4219K, committed 4352K, reserved 1048576K
}
Event: 2.108 GC heap after
{Heap after GC invocations=9 (full 0):
 garbage-first heap   total 70656K, used 22528K [0x00000000a2200000, 0x0000000100000000)
  region size 1024K, 5 young (5120K), 5 survivors (5120K)
 Metaspace       used 33230K, committed 33536K, reserved 1081344K
  class space    used 4219K, committed 4352K, reserved 1048576K
}
Event: 2.179 GC heap before
{Heap before GC invocations=9 (full 0):
 garbage-first heap   total 70656K, used 48128K [0x00000000a2200000, 0x0000000100000000)
  region size 1024K, 31 young (31744K), 5 survivors (5120K)
 Metaspace       used 33744K, committed 34112K, reserved 1081344K
  class space    used 4300K, committed 4480K, reserved 1048576K
}
Event: 2.184 GC heap after
{Heap after GC invocations=10 (full 0):
 garbage-first heap   total 70656K, used 27037K [0x00000000a2200000, 0x0000000100000000)
  region size 1024K, 4 young (4096K), 4 survivors (4096K)
 Metaspace       used 33744K, committed 34112K, reserved 1081344K
  class space    used 4300K, committed 4480K, reserved 1048576K
}
Event: 2.230 GC heap before
{Heap before GC invocations=10 (full 0):
 garbage-first heap   total 70656K, used 50589K [0x00000000a2200000, 0x0000000100000000)
  region size 1024K, 27 young (27648K), 4 survivors (4096K)
 Metaspace       used 34035K, committed 34304K, reserved 1081344K
  class space    used 4341K, committed 4480K, reserved 1048576K
}
Event: 2.234 GC heap after
{Heap after GC invocations=11 (full 0):
 garbage-first heap   total 70656K, used 31744K [0x00000000a2200000, 0x0000000100000000)
  region size 1024K, 4 young (4096K), 4 survivors (4096K)
 Metaspace       used 34035K, committed 34304K, reserved 1081344K
  class space    used 4341K, committed 4480K, reserved 1048576K
}
Event: 2.266 GC heap before
{Heap before GC invocations=11 (full 0):
 garbage-first heap   total 70656K, used 51200K [0x00000000a2200000, 0x0000000100000000)
  region size 1024K, 24 young (24576K), 4 survivors (4096K)
 Metaspace       used 34208K, committed 34560K, reserved 1081344K
  class space    used 4364K, committed 4544K, reserved 1048576K
}
Event: 2.272 GC heap after
{Heap after GC invocations=12 (full 0):
 garbage-first heap   total 109568K, used 37715K [0x00000000a2200000, 0x0000000100000000)
  region size 1024K, 3 young (3072K), 3 survivors (3072K)
 Metaspace       used 34208K, committed 34560K, reserved 1081344K
  class space    used 4364K, committed 4544K, reserved 1048576K
}
Event: 2.382 GC heap before
{Heap before GC invocations=12 (full 0):
 garbage-first heap   total 109568K, used 76627K [0x00000000a2200000, 0x0000000100000000)
  region size 1024K, 42 young (43008K), 3 survivors (3072K)
 Metaspace       used 34870K, committed 35200K, reserved 1081344K
  class space    used 4465K, committed 4608K, reserved 1048576K
}
Event: 2.389 GC heap after
{Heap after GC invocations=13 (full 0):
 garbage-first heap   total 109568K, used 46516K [0x00000000a2200000, 0x0000000100000000)
  region size 1024K, 6 young (6144K), 6 survivors (6144K)
 Metaspace       used 34870K, committed 35200K, reserved 1081344K
  class space    used 4465K, committed 4608K, reserved 1048576K
}
Event: 2.459 GC heap before
{Heap before GC invocations=13 (full 0):
 garbage-first heap   total 109568K, used 74164K [0x00000000a2200000, 0x0000000100000000)
  region size 1024K, 33 young (33792K), 6 survivors (6144K)
 Metaspace       used 35805K, committed 36096K, reserved 1081344K
  class space    used 4649K, committed 4800K, reserved 1048576K
}
Event: 2.468 GC heap after
{Heap after GC invocations=14 (full 0):
 garbage-first heap   total 109568K, used 60020K [0x00000000a2200000, 0x0000000100000000)
  region size 1024K, 5 young (5120K), 5 survivors (5120K)
 Metaspace       used 35805K, committed 36096K, reserved 1081344K
  class space    used 4649K, committed 4800K, reserved 1048576K
}
Event: 2.496 GC heap before
{Heap before GC invocations=14 (full 0):
 garbage-first heap   total 109568K, used 79476K [0x00000000a2200000, 0x0000000100000000)
  region size 1024K, 25 young (25600K), 5 survivors (5120K)
 Metaspace       used 36045K, committed 36416K, reserved 1081344K
  class space    used 4684K, committed 4864K, reserved 1048576K
}
Event: 2.506 GC heap after
{Heap after GC invocations=15 (full 0):
 garbage-first heap   total 109568K, used 64499K [0x00000000a2200000, 0x0000000100000000)
  region size 1024K, 4 young (4096K), 4 survivors (4096K)
 Metaspace       used 36045K, committed 36416K, reserved 1081344K
  class space    used 4684K, committed 4864K, reserved 1048576K
}
Event: 2.521 GC heap before
{Heap before GC invocations=15 (full 0):
 garbage-first heap   total 132096K, used 80883K [0x00000000a2200000, 0x0000000100000000)
  region size 1024K, 22 young (22528K), 4 survivors (4096K)
 Metaspace       used 36055K, committed 36416K, reserved 1081344K
  class space    used 4686K, committed 4864K, reserved 1048576K
}

