# JRE version: OpenJDK Runtime Environment Temurin-17.0.4+8 (17.0.4+8) (build 17.0.4+8)
# Java VM: OpenJDK 64-Bit Server VM Temurin-17.0.4+8 (17.0.4+8, mixed mode, emulated-client, tiered, compressed oops, compressed class ptrs, g1 gc, windows-amd64)
GC Precious Log:
 CPUs: 8 total, 8 available
 Memory: 6005M
 Large Page Support: Disabled
 NUMA Support: Disabled
 Compressed Oops: Enabled (32-bit)
 Heap Region Size: 1M
 Heap Min Capacity: 8M
 Heap Initial Capacity: 94M
 Heap Max Capacity: 1502M
 Pre-touch: Disabled
 Parallel Workers: 8
 Concurrent Workers: 2
 Concurrent Refinement Workers: 8
 Periodic GC: Disabled
Heap:
 garbage-first heap   total 96256K, used 64099K [0x00000000a2200000, 0x0000000100000000)
  region size 1024K, 2 young (2048K), 2 survivors (2048K)
 Metaspace       used 36022K, committed 36352K, reserved 1081344K
  class space    used 4688K, committed 4864K, reserved 1048576K
GC Heap History (20 events):
Event: 2.579 GC heap after
{Heap after GC invocations=7 (full 0):
 garbage-first heap   total 45056K, used 14763K [0x00000000a2200000, 0x0000000100000000)
  region size 1024K, 3 young (3072K), 3 survivors (3072K)
 Metaspace       used 27916K, committed 28160K, reserved 1081344K
  class space    used 3510K, committed 3648K, reserved 1048576K
}
Event: 2.945 GC heap before
{Heap before GC invocations=7 (full 0):
 garbage-first heap   total 45056K, used 29099K [0x00000000a2200000, 0x0000000100000000)
  region size 1024K, 18 young (18432K), 3 survivors (3072K)
 Metaspace       used 30401K, committed 30656K, reserved 1081344K
  class space    used 3857K, committed 3968K, reserved 1048576K
}
Event: 2.949 GC heap after
{Heap after GC invocations=8 (full 0):
 garbage-first heap   total 64512K, used 15654K [0x00000000a2200000, 0x0000000100000000)
  region size 1024K, 2 young (2048K), 2 survivors (2048K)
 Metaspace       used 30401K, committed 30656K, reserved 1081344K
  class space    used 3857K, committed 3968K, reserved 1048576K
}
Event: 3.180 GC heap before
{Heap before GC invocations=8 (full 0):
 garbage-first heap   total 64512K, used 43302K [0x00000000a2200000, 0x0000000100000000)
  region size 1024K, 30 young (30720K), 2 survivors (2048K)
 Metaspace       used 33306K, committed 33600K, reserved 1081344K
  class space    used 4235K, committed 4352K, reserved 1048576K
}
Event: 3.185 GC heap after
{Heap after GC invocations=9 (full 0):
 garbage-first heap   total 64512K, used 20419K [0x00000000a2200000, 0x0000000100000000)
  region size 1024K, 4 young (4096K), 4 survivors (4096K)
 Metaspace       used 33306K, committed 33600K, reserved 1081344K
  class space    used 4235K, committed 4352K, reserved 1048576K
}
Event: 3.235 GC heap before
{Heap before GC invocations=9 (full 0):
 garbage-first heap   total 64512K, used 43971K [0x00000000a2200000, 0x0000000100000000)
  region size 1024K, 28 young (28672K), 4 survivors (4096K)
 Metaspace       used 33508K, committed 33792K, reserved 1081344K
  class space    used 4264K, committed 4416K, reserved 1048576K
}
Event: 3.240 GC heap after
{Heap after GC invocations=10 (full 0):
 garbage-first heap   total 64512K, used 25270K [0x00000000a2200000, 0x0000000100000000)
  region size 1024K, 4 young (4096K), 4 survivors (4096K)
 Metaspace       used 33508K, committed 33792K, reserved 1081344K
  class space    used 4264K, committed 4416K, reserved 1048576K
}
Event: 3.293 GC heap before
{Heap before GC invocations=10 (full 0):
 garbage-first heap   total 64512K, used 44726K [0x00000000a2200000, 0x0000000100000000)
  region size 1024K, 24 young (24576K), 4 survivors (4096K)
 Metaspace       used 33909K, committed 34240K, reserved 1081344K
  class space    used 4327K, committed 4480K, reserved 1048576K
}
Event: 3.297 GC heap after
{Heap after GC invocations=11 (full 0):
 garbage-first heap   total 64512K, used 28789K [0x00000000a2200000, 0x0000000100000000)
  region size 1024K, 3 young (3072K), 3 survivors (3072K)
 Metaspace       used 33909K, committed 34240K, reserved 1081344K
  class space    used 4327K, committed 4480K, reserved 1048576K
}
Event: 3.325 GC heap before
{Heap before GC invocations=11 (full 0):
 garbage-first heap   total 64512K, used 46197K [0x00000000a2200000, 0x0000000100000000)
  region size 1024K, 20 young (20480K), 3 survivors (3072K)
 Metaspace       used 34143K, committed 34496K, reserved 1081344K
  class space    used 4355K, committed 4544K, reserved 1048576K
}
Event: 3.328 GC heap after
{Heap after GC invocations=12 (full 0):
 garbage-first heap   total 93184K, used 32151K [0x00000000a2200000, 0x0000000100000000)
  region size 1024K, 3 young (3072K), 3 survivors (3072K)
 Metaspace       used 34143K, committed 34496K, reserved 1081344K
  class space    used 4355K, committed 4544K, reserved 1048576K
}
Event: 3.382 GC heap before
{Heap before GC invocations=12 (full 0):
 garbage-first heap   total 93184K, used 66967K [0x00000000a2200000, 0x0000000100000000)
  region size 1024K, 37 young (37888K), 3 survivors (3072K)
 Metaspace       used 34444K, committed 34816K, reserved 1081344K
  class space    used 4401K, committed 4608K, reserved 1048576K
}
Event: 3.388 GC heap after
{Heap after GC invocations=13 (full 0):
 garbage-first heap   total 93184K, used 41367K [0x00000000a2200000, 0x0000000100000000)
  region size 1024K, 5 young (5120K), 5 survivors (5120K)
 Metaspace       used 34444K, committed 34816K, reserved 1081344K
  class space    used 4401K, committed 4608K, reserved 1048576K
}
Event: 3.540 GC heap before
{Heap before GC invocations=13 (full 0):
 garbage-first heap   total 93184K, used 65943K [0x00000000a2200000, 0x0000000100000000)
  region size 1024K, 30 young (30720K), 5 survivors (5120K)
 Metaspace       used 35222K, committed 35520K, reserved 1081344K
  class space    used 4537K, committed 4672K, reserved 1048576K
}
Event: 3.545 GC heap after
{Heap after GC invocations=14 (full 0):
 garbage-first heap   total 93184K, used 46552K [0x00000000a2200000, 0x0000000100000000)
  region size 1024K, 4 young (4096K), 4 survivors (4096K)
 Metaspace       used 35222K, committed 35520K, reserved 1081344K
  class space    used 4537K, committed 4672K, reserved 1048576K
}
Event: 3.599 GC heap before
{Heap before GC invocations=14 (full 0):
 garbage-first heap   total 93184K, used 51672K [0x00000000a2200000, 0x0000000100000000)
  region size 1024K, 10 young (10240K), 4 survivors (4096K)
 Metaspace       used 35798K, committed 36096K, reserved 1081344K
  class space    used 4651K, committed 4800K, reserved 1048576K
}
Event: 3.602 GC heap after
{Heap after GC invocations=15 (full 0):
 garbage-first heap   total 93184K, used 48427K [0x00000000a2200000, 0x0000000100000000)
  region size 1024K, 2 young (2048K), 2 survivors (2048K)
 Metaspace       used 35798K, committed 36096K, reserved 1081344K
  class space    used 4651K, committed 4800K, reserved 1048576K
}
Event: 3.663 GC heap before
{Heap before GC invocations=16 (full 0):
 garbage-first heap   total 94208K, used 67883K [0x00000000a2200000, 0x0000000100000000)
  region size 1024K, 22 young (22528K), 2 survivors (2048K)
 Metaspace       used 35976K, committed 36352K, reserved 1081344K
  class space    used 4680K, committed 4864K, reserved 1048576K
}
Event: 3.669 GC heap after
{Heap after GC invocations=17 (full 0):
 garbage-first heap   total 94208K, used 58270K [0x00000000a2200000, 0x0000000100000000)
  region size 1024K, 3 young (3072K), 3 survivors (3072K)
 Metaspace       used 35976K, committed 36352K, reserved 1081344K
  class space    used 4680K, committed 4864K, reserved 1048576K
}
Event: 3.701 GC heap before
{Heap before GC invocations=17 (full 0):
 garbage-first heap   total 94208K, used 71582K [0x00000000a2200000, 0x0000000100000000)
  region size 1024K, 16 young (16384K), 3 survivors (3072K)
 Metaspace       used 36022K, committed 36352K, reserved 1081344K
  class space    used 4688K, committed 4864K, reserved 1048576K
}

